<!DOCTYPE html PUBLIC "-//W3C//DTD XHTML 1.1//EN" "http://www.w3.org/TR/xhtml11/DTD/xhtml11.dtd">
<html xmlns="http://www.w3.org/1999/xhtml"><head><title>TestNG Report</title><style type="text/css">table {margin-bottom:10px;border-collapse:collapse;empty-cells:show}th,td {border:1px solid #009;padding:.25em .5em}th {vertical-align:bottom}td {vertical-align:top}table a {font-weight:bold}.stripe td {background-color: #E6EBF9}.num {text-align:right}.passedodd td {background-color: #3F3}.passedeven td {background-color: #0A0}.skippedodd td {background-color: #DDD}.skippedeven td {background-color: #CCC}.failedodd td,.attn {background-color: #F33}.failedeven td,.stripe .attn {background-color: #D00}.stacktrace {white-space:pre;font-family:monospace}.totop {font-size:85%;text-align:center;border-bottom:2px solid #000}</style></head><body><table><tr><th>Test</th><th># Passed</th><th># Skipped</th><th># Failed</th><th>Time (ms)</th><th>Included Groups</th><th>Excluded Groups</th></tr><tr><th colspan="7">DemoPCDP</th></tr><tr><td><a href="#t0">TestDemoPCDP</a></td><td class="num">0</td><td class="num attn">5</td><td class="num">0</td><td class="num">75,791</td><td></td><td></td></tr></table><table><thead><tr><th>Class</th><th>Method</th><th>Start</th><th>Time (ms)</th></tr></thead><tbody><tr><th colspan="4">DemoPCDP</th></tr></tbody><tbody id="t0"><tr><th colspan="4">TestDemoPCDP &#8212; failed (configuration methods)</th></tr><tr class="failedeven"><td rowspan="1">com.selenium.test.DemoPCDP.InvalidCredentil</td><td><a href="#m0">launchURL</a></td><td rowspan="1">1517959657410</td><td rowspan="1">0</td></tr><tr><th colspan="4">TestDemoPCDP &#8212; skipped (configuration methods)</th></tr><tr class="skippedeven"><td rowspan="5">com.selenium.test.DemoPCDP.InvalidCredentil</td><td><a href="#m1">closeBrowser</a></td><td rowspan="5">1517959688525</td><td rowspan="5">0</td></tr><tr class="skippedeven"><td><a href="#m2">closeBrowser</a></td></tr><tr class="skippedeven"><td><a href="#m3">closeBrowser</a></td></tr><tr class="skippedeven"><td><a href="#m4">closeBrowser</a></td></tr><tr class="skippedeven"><td><a href="#m5">closeBrowser</a></td></tr><tr><th colspan="4">TestDemoPCDP &#8212; skipped</th></tr><tr class="skippedeven"><td rowspan="1">com.selenium.test.DemoPCDP.InvalidCredentil</td><td><a href="#m6">invalidCredential</a></td><td rowspan="1">1517959688497</td><td rowspan="1">1</td></tr><tr class="skippedodd"><td rowspan="1">com.selenium.test.DemoPCDP.LandingPage</td><td><a href="#m7">landingPageElements</a></td><td rowspan="1">1517959688521</td><td rowspan="1">2</td></tr><tr class="skippedeven"><td rowspan="1">com.selenium.test.DemoPCDP.PCDP_Login</td><td><a href="#m8">loginView</a></td><td rowspan="1">1517959688517</td><td rowspan="1">2</td></tr><tr class="skippedodd"><td rowspan="1">com.selenium.test.DemoPCDP.ViewCompletionScore</td><td><a href="#m9">completionScore</a></td><td rowspan="1">1517959688515</td><td rowspan="1">1</td></tr><tr class="skippedeven"><td rowspan="1">com.selenium.test.DemoPCDP.ViewPCDPItems</td><td><a href="#m10">PCDPItems</a></td><td rowspan="1">1517959688510</td><td rowspan="1">1</td></tr></tbody></table><h2>TestDemoPCDP</h2><h3 id="m0">com.selenium.test.DemoPCDP.InvalidCredentil#launchURL</h3><table class="result"><tr><th>Exception</th></tr><tr><td><div class="stacktrace">org.openqa.selenium.NoSuchElementException: Unable to locate element: {&quot;method&quot;:&quot;xpath&quot;,&quot;selector&quot;:&quot;//input[@id=&apos;username&apos;]&quot;}
Command duration or timeout: 20.17 seconds
For documentation on this error, please visit: http://seleniumhq.org/exceptions/no_such_element.html
Build info: version: &apos;2.53.1&apos;, revision: &apos;a36b8b1&apos;, time: &apos;2016-06-30 17:32:46&apos;
System info: host: &apos;HCPLH0915LP284&apos;, ip: &apos;192.168.56.1&apos;, os.name: &apos;Windows 10&apos;, os.arch: &apos;amd64&apos;, os.version: &apos;10.0&apos;, java.version: &apos;1.8.0_141&apos;
Driver info: org.openqa.selenium.firefox.FirefoxDriver
Capabilities [{applicationCacheEnabled=true, rotatable=false, handlesAlerts=true, databaseEnabled=true, version=46.0, platform=WINDOWS, nativeEvents=false, acceptSslCerts=true, webStorageEnabled=true, locationContextEnabled=true, browserName=firefox, takesScreenshot=true, javascriptEnabled=true, cssSelectorsEnabled=true}]
Session ID: 6e4cb26c-9f9a-4d20-b2e5-56a8df847479
*** Element info: {Using=xpath, value=//input[@id=&apos;username&apos;]}
	at org.openqa.selenium.remote.ErrorHandler.createThrowable(ErrorHandler.java:206)
	at org.openqa.selenium.remote.ErrorHandler.throwIfResponseFailed(ErrorHandler.java:158)
	at org.openqa.selenium.remote.RemoteWebDriver.execute(RemoteWebDriver.java:678)
	at org.openqa.selenium.remote.RemoteWebDriver.findElement(RemoteWebDriver.java:363)
	at org.openqa.selenium.remote.RemoteWebDriver.findElementByXPath(RemoteWebDriver.java:500)
	at org.openqa.selenium.By$ByXPath.findElement(By.java:361)
	at org.openqa.selenium.remote.RemoteWebDriver.findElement(RemoteWebDriver.java:355)
	at com.selenium.test.DemoPCDP.Utility.typeUsingXpath(Utility.java:27)
	at com.selenium.test.DemoPCDP.ViewPCDPItems.launchURL(ViewPCDPItems.java:34)
Caused by: org.openqa.selenium.NoSuchElementException: Unable to locate element: {&quot;method&quot;:&quot;xpath&quot;,&quot;selector&quot;:&quot;//input[@id=&apos;username&apos;]&quot;}
For documentation on this error, please visit: http://seleniumhq.org/exceptions/no_such_element.html
Build info: version: &apos;2.53.1&apos;, revision: &apos;a36b8b1&apos;, time: &apos;2016-06-30 17:32:46&apos;
System info: host: &apos;HCPLH0915LP284&apos;, ip: &apos;192.168.56.1&apos;, os.name: &apos;Windows 10&apos;, os.arch: &apos;amd64&apos;, os.version: &apos;10.0&apos;, java.version: &apos;1.8.0_141&apos;
Driver info: driver.version: unknown
	at &lt;anonymous class&gt;.FirefoxDriver.prototype.findElementInternal_(file:///C:/Users/NCHAUD~1.HIT/AppData/Local/Temp/anonymous3534216321647414371webdriver-profile/extensions/fxdriver@googlecode.com/components/driver-component.js:10770)
	at &lt;anonymous class&gt;.fxdriver.Timer.prototype.setTimeout/&lt;.notify(file:///C:/Users/NCHAUD~1.HIT/AppData/Local/Temp/anonymous3534216321647414371webdriver-profile/extensions/fxdriver@googlecode.com/components/driver-component.js:625)
... Removed 26 stack frames</div></td></tr></table><p class="totop"><a href="#summary">back to summary</a></p><h3 id="m1">com.selenium.test.DemoPCDP.InvalidCredentil#closeBrowser</h3><table class="result"></table><p class="totop"><a href="#summary">back to summary</a></p><h3 id="m2">com.selenium.test.DemoPCDP.InvalidCredentil#closeBrowser</h3><table class="result"></table><p class="totop"><a href="#summary">back to summary</a></p><h3 id="m3">com.selenium.test.DemoPCDP.InvalidCredentil#closeBrowser</h3><table class="result"></table><p class="totop"><a href="#summary">back to summary</a></p><h3 id="m4">com.selenium.test.DemoPCDP.InvalidCredentil#closeBrowser</h3><table class="result"></table><p class="totop"><a href="#summary">back to summary</a></p><h3 id="m5">com.selenium.test.DemoPCDP.InvalidCredentil#closeBrowser</h3><table class="result"></table><p class="totop"><a href="#summary">back to summary</a></p><h3 id="m6">com.selenium.test.DemoPCDP.InvalidCredentil#invalidCredential</h3><table class="result"></table><p class="totop"><a href="#summary">back to summary</a></p><h3 id="m7">com.selenium.test.DemoPCDP.LandingPage#landingPageElements</h3><table class="result"></table><p class="totop"><a href="#summary">back to summary</a></p><h3 id="m8">com.selenium.test.DemoPCDP.PCDP_Login#loginView</h3><table class="result"></table><p class="totop"><a href="#summary">back to summary</a></p><h3 id="m9">com.selenium.test.DemoPCDP.ViewCompletionScore#completionScore</h3><table class="result"></table><p class="totop"><a href="#summary">back to summary</a></p><h3 id="m10">com.selenium.test.DemoPCDP.ViewPCDPItems#PCDPItems</h3><table class="result"></table><p class="totop"><a href="#summary">back to summary</a></p></body></html>