<?xml version="1.0" encoding="UTF-8"?>
<testng-results skipped="5" failed="0" total="5" passed="0">
  <reporter-output>
  </reporter-output>
  <suite name="DemoPCDP" duration-ms="75791" started-at="2018-02-06T23:26:52Z" finished-at="2018-02-06T23:28:08Z">
    <groups>
    </groups>
    <test name="TestDemoPCDP" duration-ms="75791" started-at="2018-02-06T23:26:52Z" finished-at="2018-02-06T23:28:08Z">
      <class name="com.selenium.test.DemoPCDP.LandingPage">
        <test-method status="SKIP" signature="landingPageElements()[pri:0, instance:com.selenium.test.DemoPCDP.LandingPage@685cb137]" name="landingPageElements" duration-ms="2" started-at="2018-02-07T04:58:08Z" finished-at="2018-02-07T04:58:08Z">
          <reporter-output>
          </reporter-output>
        </test-method> <!-- landingPageElements -->
      </class> <!-- com.selenium.test.DemoPCDP.LandingPage -->
      <class name="com.selenium.test.DemoPCDP.PCDP_Login">
        <test-method status="SKIP" signature="loginView()[pri:0, instance:com.selenium.test.DemoPCDP.PCDP_Login@6a4f787b]" name="loginView" duration-ms="2" started-at="2018-02-07T04:58:08Z" finished-at="2018-02-07T04:58:08Z">
          <reporter-output>
          </reporter-output>
        </test-method> <!-- loginView -->
      </class> <!-- com.selenium.test.DemoPCDP.PCDP_Login -->
      <class name="com.selenium.test.DemoPCDP.InvalidCredentil">
        <test-method status="PASS" signature="launchURL()[pri:0, instance:com.selenium.test.DemoPCDP.InvalidCredentil@5c3bd550]" name="launchURL" is-config="true" duration-ms="16553" started-at="2018-02-07T04:56:52Z" finished-at="2018-02-07T04:57:09Z">
          <reporter-output>
          </reporter-output>
        </test-method> <!-- launchURL -->
        <test-method status="PASS" signature="launchURL()[pri:0, instance:com.selenium.test.DemoPCDP.LandingPage@685cb137]" name="launchURL" is-config="true" duration-ms="8997" started-at="2018-02-07T04:57:09Z" finished-at="2018-02-07T04:57:18Z">
          <reporter-output>
          </reporter-output>
        </test-method> <!-- launchURL -->
        <test-method status="PASS" signature="launchURL()[pri:0, instance:com.selenium.test.DemoPCDP.PCDP_Login@6a4f787b]" name="launchURL" is-config="true" duration-ms="9844" started-at="2018-02-07T04:57:18Z" finished-at="2018-02-07T04:57:28Z">
          <reporter-output>
          </reporter-output>
        </test-method> <!-- launchURL -->
        <test-method status="PASS" signature="launchURL()[pri:0, instance:com.selenium.test.DemoPCDP.ViewCompletionScore@604ed9f0]" name="launchURL" is-config="true" duration-ms="9256" started-at="2018-02-07T04:57:28Z" finished-at="2018-02-07T04:57:37Z">
          <reporter-output>
          </reporter-output>
        </test-method> <!-- launchURL -->
        <test-method status="FAIL" signature="launchURL()[pri:0, instance:com.selenium.test.DemoPCDP.ViewPCDPItems@91161c7]" name="launchURL" is-config="true" duration-ms="0" started-at="2018-02-07T04:57:37Z" finished-at="2018-02-07T04:57:37Z">
          <exception class="org.openqa.selenium.NoSuchElementException">
            <message>
              <![CDATA[Unable to locate element: {"method":"xpath","selector":"//input[@id='username']"}
Command duration or timeout: 20.17 seconds
For documentation on this error, please visit: http://seleniumhq.org/exceptions/no_such_element.html
Build info: version: '2.53.1', revision: 'a36b8b1', time: '2016-06-30 17:32:46'
System info: host: 'HCPLH0915LP284', ip: '192.168.56.1', os.name: 'Windows 10', os.arch: 'amd64', os.version: '10.0', java.version: '1.8.0_141'
Driver info: org.openqa.selenium.firefox.FirefoxDriver
Capabilities [{applicationCacheEnabled=true, rotatable=false, handlesAlerts=true, databaseEnabled=true, version=46.0, platform=WINDOWS, nativeEvents=false, acceptSslCerts=true, webStorageEnabled=true, locationContextEnabled=true, browserName=firefox, takesScreenshot=true, javascriptEnabled=true, cssSelectorsEnabled=true}]
Session ID: 6e4cb26c-9f9a-4d20-b2e5-56a8df847479
*** Element info: {Using=xpath, value=//input[@id='username']}]]>
            </message>
            <full-stacktrace>
              <![CDATA[org.openqa.selenium.NoSuchElementException: Unable to locate element: {"method":"xpath","selector":"//input[@id='username']"}
Command duration or timeout: 20.17 seconds
For documentation on this error, please visit: http://seleniumhq.org/exceptions/no_such_element.html
Build info: version: '2.53.1', revision: 'a36b8b1', time: '2016-06-30 17:32:46'
System info: host: 'HCPLH0915LP284', ip: '192.168.56.1', os.name: 'Windows 10', os.arch: 'amd64', os.version: '10.0', java.version: '1.8.0_141'
Driver info: org.openqa.selenium.firefox.FirefoxDriver
Capabilities [{applicationCacheEnabled=true, rotatable=false, handlesAlerts=true, databaseEnabled=true, version=46.0, platform=WINDOWS, nativeEvents=false, acceptSslCerts=true, webStorageEnabled=true, locationContextEnabled=true, browserName=firefox, takesScreenshot=true, javascriptEnabled=true, cssSelectorsEnabled=true}]
Session ID: 6e4cb26c-9f9a-4d20-b2e5-56a8df847479
*** Element info: {Using=xpath, value=//input[@id='username']}
	at sun.reflect.NativeConstructorAccessorImpl.newInstance0(Native Method)
	at sun.reflect.NativeConstructorAccessorImpl.newInstance(Unknown Source)
	at sun.reflect.DelegatingConstructorAccessorImpl.newInstance(Unknown Source)
	at java.lang.reflect.Constructor.newInstance(Unknown Source)
	at org.openqa.selenium.remote.ErrorHandler.createThrowable(ErrorHandler.java:206)
	at org.openqa.selenium.remote.ErrorHandler.throwIfResponseFailed(ErrorHandler.java:158)
	at org.openqa.selenium.remote.RemoteWebDriver.execute(RemoteWebDriver.java:678)
	at org.openqa.selenium.remote.RemoteWebDriver.findElement(RemoteWebDriver.java:363)
	at org.openqa.selenium.remote.RemoteWebDriver.findElementByXPath(RemoteWebDriver.java:500)
	at org.openqa.selenium.By$ByXPath.findElement(By.java:361)
	at org.openqa.selenium.remote.RemoteWebDriver.findElement(RemoteWebDriver.java:355)
	at com.selenium.test.DemoPCDP.Utility.typeUsingXpath(Utility.java:27)
	at com.selenium.test.DemoPCDP.ViewPCDPItems.launchURL(ViewPCDPItems.java:34)
	at sun.reflect.NativeMethodAccessorImpl.invoke0(Native Method)
	at sun.reflect.NativeMethodAccessorImpl.invoke(Unknown Source)
	at sun.reflect.DelegatingMethodAccessorImpl.invoke(Unknown Source)
	at java.lang.reflect.Method.invoke(Unknown Source)
	at org.testng.internal.MethodInvocationHelper.invokeMethod(MethodInvocationHelper.java:85)
	at org.testng.internal.Invoker.invokeConfigurationMethod(Invoker.java:510)
	at org.testng.internal.Invoker.invokeConfigurations(Invoker.java:211)
	at org.testng.internal.Invoker.invokeConfigurations(Invoker.java:138)
	at org.testng.TestRunner.beforeRun(TestRunner.java:648)
	at org.testng.TestRunner.run(TestRunner.java:616)
	at org.testng.SuiteRunner.runTest(SuiteRunner.java:359)
	at org.testng.SuiteRunner.runSequentially(SuiteRunner.java:354)
	at org.testng.SuiteRunner.privateRun(SuiteRunner.java:312)
	at org.testng.SuiteRunner.run(SuiteRunner.java:261)
	at org.testng.SuiteRunnerWorker.runSuite(SuiteRunnerWorker.java:52)
	at org.testng.SuiteRunnerWorker.run(SuiteRunnerWorker.java:86)
	at org.testng.TestNG.runSuitesSequentially(TestNG.java:1215)
	at org.testng.TestNG.runSuitesLocally(TestNG.java:1140)
	at org.testng.TestNG.run(TestNG.java:1048)
	at org.testng.remote.AbstractRemoteTestNG.run(AbstractRemoteTestNG.java:114)
	at org.testng.remote.RemoteTestNG.initAndRun(RemoteTestNG.java:251)
	at org.testng.remote.RemoteTestNG.main(RemoteTestNG.java:77)
Caused by: org.openqa.selenium.NoSuchElementException: Unable to locate element: {"method":"xpath","selector":"//input[@id='username']"}
For documentation on this error, please visit: http://seleniumhq.org/exceptions/no_such_element.html
Build info: version: '2.53.1', revision: 'a36b8b1', time: '2016-06-30 17:32:46'
System info: host: 'HCPLH0915LP284', ip: '192.168.56.1', os.name: 'Windows 10', os.arch: 'amd64', os.version: '10.0', java.version: '1.8.0_141'
Driver info: driver.version: unknown
	at <anonymous class>.FirefoxDriver.prototype.findElementInternal_(file:///C:/Users/NCHAUD~1.HIT/AppData/Local/Temp/anonymous3534216321647414371webdriver-profile/extensions/fxdriver@googlecode.com/components/driver-component.js:10770)
	at <anonymous class>.fxdriver.Timer.prototype.setTimeout/<.notify(file:///C:/Users/NCHAUD~1.HIT/AppData/Local/Temp/anonymous3534216321647414371webdriver-profile/extensions/fxdriver@googlecode.com/components/driver-component.js:625)
]]>
            </full-stacktrace>
          </exception> <!-- org.openqa.selenium.NoSuchElementException -->
          <reporter-output>
          </reporter-output>
        </test-method> <!-- launchURL -->
        <test-method status="SKIP" signature="invalidCredential()[pri:0, instance:com.selenium.test.DemoPCDP.InvalidCredentil@5c3bd550]" name="invalidCredential" duration-ms="1" started-at="2018-02-07T04:58:08Z" finished-at="2018-02-07T04:58:08Z">
          <reporter-output>
          </reporter-output>
        </test-method> <!-- invalidCredential -->
        <test-method status="SKIP" signature="closeBrowser()[pri:0, instance:com.selenium.test.DemoPCDP.InvalidCredentil@5c3bd550]" name="closeBrowser" is-config="true" duration-ms="0" started-at="2018-02-07T04:58:08Z" finished-at="2018-02-07T04:58:08Z">
          <reporter-output>
          </reporter-output>
        </test-method> <!-- closeBrowser -->
        <test-method status="SKIP" signature="closeBrowser()[pri:0, instance:com.selenium.test.DemoPCDP.LandingPage@685cb137]" name="closeBrowser" is-config="true" duration-ms="0" started-at="2018-02-07T04:58:08Z" finished-at="2018-02-07T04:58:08Z">
          <reporter-output>
          </reporter-output>
        </test-method> <!-- closeBrowser -->
        <test-method status="SKIP" signature="closeBrowser()[pri:0, instance:com.selenium.test.DemoPCDP.PCDP_Login@6a4f787b]" name="closeBrowser" is-config="true" duration-ms="0" started-at="2018-02-07T04:58:08Z" finished-at="2018-02-07T04:58:08Z">
          <reporter-output>
          </reporter-output>
        </test-method> <!-- closeBrowser -->
        <test-method status="SKIP" signature="closeBrowser()[pri:0, instance:com.selenium.test.DemoPCDP.ViewCompletionScore@604ed9f0]" name="closeBrowser" is-config="true" duration-ms="0" started-at="2018-02-07T04:58:08Z" finished-at="2018-02-07T04:58:08Z">
          <reporter-output>
          </reporter-output>
        </test-method> <!-- closeBrowser -->
        <test-method status="SKIP" signature="closeBrowser()[pri:0, instance:com.selenium.test.DemoPCDP.ViewPCDPItems@91161c7]" name="closeBrowser" is-config="true" duration-ms="0" started-at="2018-02-07T04:58:08Z" finished-at="2018-02-07T04:58:08Z">
          <reporter-output>
          </reporter-output>
        </test-method> <!-- closeBrowser -->
      </class> <!-- com.selenium.test.DemoPCDP.InvalidCredentil -->
      <class name="com.selenium.test.DemoPCDP.ViewCompletionScore">
        <test-method status="SKIP" signature="completionScore()[pri:0, instance:com.selenium.test.DemoPCDP.ViewCompletionScore@604ed9f0]" name="completionScore" duration-ms="1" started-at="2018-02-07T04:58:08Z" finished-at="2018-02-07T04:58:08Z">
          <reporter-output>
          </reporter-output>
        </test-method> <!-- completionScore -->
      </class> <!-- com.selenium.test.DemoPCDP.ViewCompletionScore -->
      <class name="com.selenium.test.DemoPCDP.ViewPCDPItems">
        <test-method status="SKIP" signature="PCDPItems()[pri:0, instance:com.selenium.test.DemoPCDP.ViewPCDPItems@91161c7]" name="PCDPItems" duration-ms="1" started-at="2018-02-07T04:58:08Z" finished-at="2018-02-07T04:58:08Z">
          <reporter-output>
          </reporter-output>
        </test-method> <!-- PCDPItems -->
      </class> <!-- com.selenium.test.DemoPCDP.ViewPCDPItems -->
    </test> <!-- TestDemoPCDP -->
  </suite> <!-- DemoPCDP -->
</testng-results>
