<?xml version="1.0" encoding="UTF-8"?>
<!-- Generated by org.testng.reporters.JUnitXMLReporter -->
<testsuite hostname="HCPLH0915LP284" name="TestDemoPCDP" tests="5" failures="0" timestamp="6 Feb 2018 23:28:08 GMT" time="75.791" errors="0">
  <testcase name="@BeforeTest launchURL" time="0.0" classname="com.selenium.test.DemoPCDP.InvalidCredentil">
    <failure type="org.openqa.selenium.NoSuchElementException" message="Unable to locate element: {&amp;quot;method&amp;quot;:&amp;quot;xpath&amp;quot;,&amp;quot;selector&amp;quot;:&amp;quot;//input[@id=&amp;apos;username&amp;apos;]&amp;quot;}
Command duration or timeout: 20.17 seconds
For documentation on this error, please visit: http://seleniumhq.org/exceptions/no_such_element.html
Build info: version: &amp;apos;2.53.1&amp;apos;, revision: &amp;apos;a36b8b1&amp;apos;, time: &amp;apos;2016-06-30 17:32:46&amp;apos;
System info: host: &amp;apos;HCPLH0915LP284&amp;apos;, ip: &amp;apos;192.168.56.1&amp;apos;, os.name: &amp;apos;Windows 10&amp;apos;, os.arch: &amp;apos;amd64&amp;apos;, os.version: &amp;apos;10.0&amp;apos;, java.version: &amp;apos;1.8.0_141&amp;apos;
Driver info: org.openqa.selenium.firefox.FirefoxDriver
Capabilities [{applicationCacheEnabled=true, rotatable=false, handlesAlerts=true, databaseEnabled=true, version=46.0, platform=WINDOWS, nativeEvents=false, acceptSslCerts=true, webStorageEnabled=true, locationContextEnabled=true, browserName=firefox, takesScreenshot=true, javascriptEnabled=true, cssSelectorsEnabled=true}]
Session ID: 6e4cb26c-9f9a-4d20-b2e5-56a8df847479
*** Element info: {Using=xpath, value=//input[@id=&amp;apos;username&amp;apos;]}">
      <![CDATA[org.openqa.selenium.NoSuchElementException: Unable to locate element: {"method":"xpath","selector":"//input[@id='username']"}
Command duration or timeout: 20.17 seconds
For documentation on this error, please visit: http://seleniumhq.org/exceptions/no_such_element.html
Build info: version: '2.53.1', revision: 'a36b8b1', time: '2016-06-30 17:32:46'
System info: host: 'HCPLH0915LP284', ip: '192.168.56.1', os.name: 'Windows 10', os.arch: 'amd64', os.version: '10.0', java.version: '1.8.0_141'
Driver info: org.openqa.selenium.firefox.FirefoxDriver
Capabilities [{applicationCacheEnabled=true, rotatable=false, handlesAlerts=true, databaseEnabled=true, version=46.0, platform=WINDOWS, nativeEvents=false, acceptSslCerts=true, webStorageEnabled=true, locationContextEnabled=true, browserName=firefox, takesScreenshot=true, javascriptEnabled=true, cssSelectorsEnabled=true}]
Session ID: 6e4cb26c-9f9a-4d20-b2e5-56a8df847479
*** Element info: {Using=xpath, value=//input[@id='username']}
	at org.openqa.selenium.remote.ErrorHandler.createThrowable(ErrorHandler.java:206)
	at org.openqa.selenium.remote.ErrorHandler.throwIfResponseFailed(ErrorHandler.java:158)
	at org.openqa.selenium.remote.RemoteWebDriver.execute(RemoteWebDriver.java:678)
	at org.openqa.selenium.remote.RemoteWebDriver.findElement(RemoteWebDriver.java:363)
	at org.openqa.selenium.remote.RemoteWebDriver.findElementByXPath(RemoteWebDriver.java:500)
	at org.openqa.selenium.By$ByXPath.findElement(By.java:361)
	at org.openqa.selenium.remote.RemoteWebDriver.findElement(RemoteWebDriver.java:355)
	at com.selenium.test.DemoPCDP.Utility.typeUsingXpath(Utility.java:27)
	at com.selenium.test.DemoPCDP.ViewPCDPItems.launchURL(ViewPCDPItems.java:34)
Caused by: org.openqa.selenium.NoSuchElementException: Unable to locate element: {"method":"xpath","selector":"//input[@id='username']"}
For documentation on this error, please visit: http://seleniumhq.org/exceptions/no_such_element.html
Build info: version: '2.53.1', revision: 'a36b8b1', time: '2016-06-30 17:32:46'
System info: host: 'HCPLH0915LP284', ip: '192.168.56.1', os.name: 'Windows 10', os.arch: 'amd64', os.version: '10.0', java.version: '1.8.0_141'
Driver info: driver.version: unknown
	at <anonymous class>.FirefoxDriver.prototype.findElementInternal_(file:///C:/Users/NCHAUD~1.HIT/AppData/Local/Temp/anonymous3534216321647414371webdriver-profile/extensions/fxdriver@googlecode.com/components/driver-component.js:10770)
	at <anonymous class>.fxdriver.Timer.prototype.setTimeout/<.notify(file:///C:/Users/NCHAUD~1.HIT/AppData/Local/Temp/anonymous3534216321647414371webdriver-profile/extensions/fxdriver@googlecode.com/components/driver-component.js:625)
... Removed 26 stack frames]]>
    </failure>
  </testcase> <!-- @BeforeTest launchURL -->
  <testcase name="@AfterTest closeBrowser" time="0.0" classname="com.selenium.test.DemoPCDP.InvalidCredentil">
    <skipped/>
  </testcase> <!-- @AfterTest closeBrowser -->
  <testcase name="@AfterTest closeBrowser" time="0.0" classname="com.selenium.test.DemoPCDP.InvalidCredentil">
    <skipped/>
  </testcase> <!-- @AfterTest closeBrowser -->
  <testcase name="@AfterTest closeBrowser" time="0.0" classname="com.selenium.test.DemoPCDP.InvalidCredentil">
    <skipped/>
  </testcase> <!-- @AfterTest closeBrowser -->
  <testcase name="@AfterTest closeBrowser" time="0.0" classname="com.selenium.test.DemoPCDP.InvalidCredentil">
    <skipped/>
  </testcase> <!-- @AfterTest closeBrowser -->
  <testcase name="@AfterTest closeBrowser" time="0.0" classname="com.selenium.test.DemoPCDP.InvalidCredentil">
    <skipped/>
  </testcase> <!-- @AfterTest closeBrowser -->
  <testcase name="invalidCredential" time="0.001" classname="com.selenium.test.DemoPCDP.InvalidCredentil">
    <skipped/>
  </testcase> <!-- invalidCredential -->
  <testcase name="PCDPItems" time="0.001" classname="com.selenium.test.DemoPCDP.ViewPCDPItems">
    <skipped/>
  </testcase> <!-- PCDPItems -->
  <testcase name="completionScore" time="0.001" classname="com.selenium.test.DemoPCDP.ViewCompletionScore">
    <skipped/>
  </testcase> <!-- completionScore -->
  <testcase name="loginView" time="0.002" classname="com.selenium.test.DemoPCDP.PCDP_Login">
    <skipped/>
  </testcase> <!-- loginView -->
  <testcase name="landingPageElements" time="0.002" classname="com.selenium.test.DemoPCDP.LandingPage">
    <skipped/>
  </testcase> <!-- landingPageElements -->
</testsuite> <!-- TestDemoPCDP -->
